c:\users\rober\onedrive\escritorio\path pa\practica_03_programacion\practica_03_programacion\x64\debug\vc143.pdb
c:\users\rober\onedrive\escritorio\path pa\practica_03_programacion\practica_03_programacion\x64\debug\vc143.idb
c:\users\rober\onedrive\escritorio\path pa\practica_03_programacion\practica_03_programacion\x64\debug\triangle.obj
c:\users\rober\onedrive\escritorio\path pa\practica_03_programacion\practica_03_programacion\x64\debug\toroid.obj
c:\users\rober\onedrive\escritorio\path pa\practica_03_programacion\practica_03_programacion\x64\debug\text.obj
c:\users\rober\onedrive\escritorio\path pa\practica_03_programacion\practica_03_programacion\x64\debug\teapot.obj
c:\users\rober\onedrive\escritorio\path pa\practica_03_programacion\practica_03_programacion\x64\debug\sphere.obj
c:\users\rober\onedrive\escritorio\path pa\practica_03_programacion\practica_03_programacion\x64\debug\solid.obj
c:\users\rober\onedrive\escritorio\path pa\practica_03_programacion\practica_03_programacion\x64\debug\scene.obj
c:\users\rober\onedrive\escritorio\path pa\practica_03_programacion\practica_03_programacion\x64\debug\practica_03_programacion.obj
c:\users\rober\onedrive\escritorio\path pa\practica_03_programacion\practica_03_programacion\x64\debug\modelloader.obj
c:\users\rober\onedrive\escritorio\path pa\practica_03_programacion\practica_03_programacion\x64\debug\model.obj
c:\users\rober\onedrive\escritorio\path pa\practica_03_programacion\practica_03_programacion\x64\debug\materialtriangle.obj
c:\users\rober\onedrive\escritorio\path pa\practica_03_programacion\practica_03_programacion\x64\debug\materialmodelloader.obj
c:\users\rober\onedrive\escritorio\path pa\practica_03_programacion\practica_03_programacion\x64\debug\materialmodel.obj
c:\users\rober\onedrive\escritorio\path pa\practica_03_programacion\practica_03_programacion\x64\debug\material.obj
c:\users\rober\onedrive\escritorio\path pa\practica_03_programacion\practica_03_programacion\x64\debug\game.obj
c:\users\rober\onedrive\escritorio\path pa\practica_03_programacion\practica_03_programacion\x64\debug\cylinder.obj
c:\users\rober\onedrive\escritorio\path pa\practica_03_programacion\practica_03_programacion\x64\debug\cuboid.obj
c:\users\rober\onedrive\escritorio\path pa\practica_03_programacion\practica_03_programacion\x64\debug\cube.obj
c:\users\rober\onedrive\escritorio\path pa\practica_03_programacion\practica_03_programacion\x64\debug\color.obj
c:\users\rober\onedrive\escritorio\path pa\practica_03_programacion\practica_03_programacion\x64\debug\camera.obj
c:\users\rober\onedrive\escritorio\path pa\practica_03_programacion\practica_03_programacion\x64\debug\vector3d.obj
c:\users\rober\onedrive\escritorio\path pa\practica_03_programacion\x64\debug\practica_03_programacion.exe
c:\users\rober\onedrive\escritorio\path pa\practica_03_programacion\practica_03_programacion\x64\debug\practica_03_programacion.ilk
c:\users\rober\onedrive\escritorio\path pa\practica_03_programacion\x64\debug\practica_03_programacion.pdb
c:\users\rober\onedrive\escritorio\path pa\practica_03_programacion\practica_03_programacion\x64\debug\game.obj.enc
c:\users\rober\onedrive\escritorio\path pa\practica_03_programacion\practica_03_programacion\x64\debug\practica.ef2c2872.tlog\cl.command.1.tlog
c:\users\rober\onedrive\escritorio\path pa\practica_03_programacion\practica_03_programacion\x64\debug\practica.ef2c2872.tlog\cl.items.tlog
c:\users\rober\onedrive\escritorio\path pa\practica_03_programacion\practica_03_programacion\x64\debug\practica.ef2c2872.tlog\cl.read.1.tlog
c:\users\rober\onedrive\escritorio\path pa\practica_03_programacion\practica_03_programacion\x64\debug\practica.ef2c2872.tlog\cl.write.1.tlog
c:\users\rober\onedrive\escritorio\path pa\practica_03_programacion\practica_03_programacion\x64\debug\practica.ef2c2872.tlog\link.command.1.tlog
c:\users\rober\onedrive\escritorio\path pa\practica_03_programacion\practica_03_programacion\x64\debug\practica.ef2c2872.tlog\link.read.1.tlog
c:\users\rober\onedrive\escritorio\path pa\practica_03_programacion\practica_03_programacion\x64\debug\practica.ef2c2872.tlog\link.write.1.tlog
